BP 14:11:12:326 JTS-Main: Created on: 20130429
BP 14:11:12:326 JTS-Main: ------------------------------- IB GATEWAY RESTART --------------------------------
BP 14:11:12:337 JTS-Main: Jts dir is ./
BP 14:11:12:500 JTS-Main: PROXY Installed custom selector
BP 14:11:12:509 JTS-Main: LOCALE: Property locale_to_use=null
BP 14:11:12:567 JTS-Main: LOCALE: JTS Locale=en_US  country=United States  variant=
BP 14:11:12:567 JTS-Main: Region:America dr:false
BP 14:11:12:567 JTS-Main: WebRegionURL Path:/java/classes/locales.jar URL:http://www.interactivebrokers.com/java/classes/locales.jar
BP 14:11:12:578 JTS-Main: Starting to download 'http://www.interactivebrokers.com/java/classes/locales.jar' using HotBackup 'http://www.interactivebrokers.com/java/classes/locales.jar'
BP 14:11:12:835 JTS-Main: getFileFromUrl: dest=/Users/kai/IBJts/ibGateway/IBJts/locales.jar empty sourceSize=57792
BP 14:11:12:836 JTS-Main: LOCALE: downloading file /Users/kai/IBJts/ibGateway/IBJts/locales.jar from http://www.interactivebrokers.com/java/classes/locales.jar
BP 14:11:13:033 JTS-Main: Finished downloading file: /java/classes/locales.jar
BP 14:11:13:034 JTS-Main: LOCALE: finished downloading /Users/kai/IBJts/ibGateway/IBJts/locales.jar
BP 14:11:13:269 JTS-Main: LOCALE: loaded 9 supported locales
BP 14:11:13:385 JTS-Main: LOCALE: loaded 8 countries
BP 14:11:13:439 JTS-Main: LOCALE: from OS: en_US
BP 14:11:13:440 JTS-Main: LOCALE: created classloader java.net.URLClassLoader@7f5e2075 with file:/Users/kai/IBJts/ibGateway/IBJts/locales.jar, parent: sun.misc.Launcher$AppClassLoader@1f3e8d89
BP 14:11:13:440 JTS-Main: LOCALE: Property locale_to_use=en
BP 14:11:13:440 JTS-Main: LOCALE: JTS Locale=en_US  country=United States  variant=
BP 14:11:13:440 JTS-Main: Locale=en_US  country=United States  variant=
BP 14:11:14:722 JTS-Main: prohibiting class lookup [twslaunch.ji18n.LauncherLanguage]
BP 14:11:15:689 JTS-Main: prohibiting class lookup [twslaunch.ji18n.LauncherLanguage_en]
BP 14:11:15:689 JTS-Main: prohibiting class lookup [twslaunch.ji18n.LauncherLanguage_en_US]
BP 14:11:15:692 JTS-Main: LOCALE: type: launcher intended: en_US actual:  size: 206
BP 14:11:15:751 JTS-Main: Build 936.9d, Apr 25, 2013 12:13:33 PM
BP 14:11:16:065 JTS-Main: LookAndFeelChangedListener installed
BP 14:11:16:099 JTS-Main: JtsLookAndFeel initialized
BP 14:11:16:608 JTS-Main: Current LAF: TWS LAF
BP 14:11:16:611 AWT-EventQueue-0: java.lang.UnsupportedOperationException: Toolkit.getLockingKeyState
BP 14:11:17:562 JTS-DeadlockMonitor-2: Memory:total=520,064KB free=439,969KB HeapUsage: Max=520,064KB used=80,094KB committed=141,924KB NonHeapUsage: Max=133,120KB used=24,906KB committed=26,628KB
BP 14:11:18:507 AWT-EventQueue-0: Started on 20130429-21:11:18
BP 14:11:18:540 AWT-EventQueue-0: Default timezone:America/Los_Angeles name:Pacific Standard Time dst:3600000
BP 14:11:18:540 AWT-EventQueue-0: java version = 1.6.0_45
BP 14:11:18:540 AWT-EventQueue-0: sun.arch.data.model = 64
BP 14:11:18:540 AWT-EventQueue-0: os = Mac OS X
BP 14:11:18:540 AWT-EventQueue-0: runtime = Java(TM) SE Runtime Environment
BP 14:11:18:540 AWT-EventQueue-0: vendor = Apple Inc.
BP 14:11:18:540 AWT-EventQueue-0: vm name = Java HotSpot(TM) 64-Bit Server VM
BP 14:11:18:602 JTS-DeadlockMonitor-2: CPU:cur=22.45% avg=22.45% 30 min avg=22.45% 5 min avg=22.45% 1 min avg=22.45%
BP 14:11:18:602 JTS-DeadlockMonitor-2: GC:called=22 times CPU used=5.28%
BP 14:11:18:602 JTS-DeadlockMonitor-2: Finalizer:cur=0.00% avg=0.00% 30 min avg=0.00% 5 min avg=0.00% 1 min avg=0.00%
BP 14:16:17:625 JTS-DeadlockMonitor-2: Memory:total=520,064KB free=441,516KB HeapUsage: Max=520,064KB used=78,547KB committed=141,924KB NonHeapUsage: Max=133,120KB used=28,595KB committed=48,412KB
BP 14:16:18:627 JTS-DeadlockMonitor-2: CPU:cur=0.02% avg=0.43% 30 min avg=0.43% 5 min avg=0.06% 1 min avg=0.02%
BP 14:16:18:627 JTS-DeadlockMonitor-2: GC:called=23 times CPU used=0.15%
BP 14:16:18:627 JTS-DeadlockMonitor-2: Finalizer:cur=0.00% avg=0.00% 30 min avg=0.00% 5 min avg=0.00% 1 min avg=0.00%
BP 14:21:17:683 JTS-DeadlockMonitor-2: Memory:total=520,064KB free=440,835KB HeapUsage: Max=520,064KB used=79,228KB committed=141,924KB NonHeapUsage: Max=133,120KB used=28,599KB committed=48,412KB
BP 14:21:18:688 JTS-DeadlockMonitor-2: CPU:cur=0.02% avg=0.23% 30 min avg=0.23% 5 min avg=0.02% 1 min avg=0.02%
BP 14:21:18:689 JTS-DeadlockMonitor-2: GC:called=23 times CPU used=0.08%
BP 14:21:18:690 JTS-DeadlockMonitor-2: Finalizer:cur=0.00% avg=0.00% 30 min avg=0.00% 5 min avg=0.00% 1 min avg=0.00%
BP 14:26:17:735 JTS-DeadlockMonitor-2: Memory:total=520,064KB free=440,154KB HeapUsage: Max=520,064KB used=79,909KB committed=141,924KB NonHeapUsage: Max=133,120KB used=28,604KB committed=48,412KB
BP 14:26:18:738 JTS-DeadlockMonitor-2: CPU:cur=0.02% avg=0.16% 30 min avg=0.16% 5 min avg=0.02% 1 min avg=0.02%
BP 14:26:18:738 JTS-DeadlockMonitor-2: GC:called=23 times CPU used=0.05%
BP 14:26:18:738 JTS-DeadlockMonitor-2: Finalizer:cur=0.00% avg=0.00% 30 min avg=0.00% 5 min avg=0.00% 1 min avg=0.00%
BP 14:31:17:788 JTS-DeadlockMonitor-2: Memory:total=520,064KB free=438,206KB HeapUsage: Max=520,064KB used=81,857KB committed=141,924KB NonHeapUsage: Max=133,120KB used=28,617KB committed=48,412KB
BP 14:31:18:795 JTS-DeadlockMonitor-2: CPU:cur=0.02% avg=0.13% 30 min avg=0.13% 5 min avg=0.03% 1 min avg=0.02%
BP 14:31:18:796 JTS-DeadlockMonitor-2: GC:called=23 times CPU used=0.04%
BP 14:31:18:796 JTS-DeadlockMonitor-2: Finalizer:cur=0.00% avg=0.00% 30 min avg=0.00% 5 min avg=0.00% 1 min avg=0.00%
BP 14:36:17:843 JTS-DeadlockMonitor-2: Memory:total=520,064KB free=437,525KB HeapUsage: Max=520,064KB used=82,538KB committed=141,924KB NonHeapUsage: Max=133,120KB used=28,616KB committed=48,412KB
BP 14:36:18:846 JTS-DeadlockMonitor-2: CPU:cur=0.02% avg=0.10% 30 min avg=0.10% 5 min avg=0.02% 1 min avg=0.02%
BP 14:36:18:846 JTS-DeadlockMonitor-2: GC:called=23 times CPU used=0.03%
BP 14:36:18:846 JTS-DeadlockMonitor-2: Finalizer:cur=0.00% avg=0.00% 30 min avg=0.00% 5 min avg=0.00% 1 min avg=0.00%
BP 14:41:17:901 JTS-DeadlockMonitor-2: Memory:total=520,064KB free=437,184KB HeapUsage: Max=520,064KB used=82,879KB committed=141,924KB NonHeapUsage: Max=133,120KB used=28,643KB committed=48,412KB
BP 14:41:18:904 JTS-DeadlockMonitor-2: CPU:cur=0.02% avg=0.09% 30 min avg=0.03% 5 min avg=0.02% 1 min avg=0.02%
BP 14:41:18:905 JTS-DeadlockMonitor-2: GC:called=23 times CPU used=0.03%
BP 14:41:18:905 JTS-DeadlockMonitor-2: Finalizer:cur=0.00% avg=0.00% 30 min avg=0.00% 5 min avg=0.00% 1 min avg=0.00%
